<?xml version="1.0" encoding="UTF-8"?>
<!-- Generated by org.testng.reporters.JUnitReportReporter -->
<testsuite hostname="abdulraheemPC" failures="0" tests="4" name="login.MyTestcases" time="21.309" errors="0" timestamp="2025-07-13T17:41:54 EET" skipped="0">
  <testcase classname="login.MyTestcases" name="SignUp" time="8.379"/>
  <testcase classname="login.MyTestcases" name="Logout" time="3.088"/>
  <testcase classname="login.MyTestcases" name="Login" time="2.180"/>
  <testcase classname="login.MyTestcases" name="addItemToThecart" time="7.662"/>
</testsuite> <!-- login.MyTestcases -->
